<?xml version="1.0" encoding="UTF-8"?>
<!-- Generated by org.testng.reporters.JUnitReportReporter -->
<testsuite hostname="syeds-MacBook-Pro.local" failures="0" tests="4" name="com.myA1store.testcases.LoginPageTest" time="86.496" errors="0" timestamp="2022-04-19T16:48:54 IST" skipped="0">
  <testcase classname="com.myA1store.testcases.LoginPageTest" name="verifyLogin" time="27.840"/>
  <system-out/>
  <testcase classname="com.myA1store.testcases.LoginPageTest" name="verifyLogin" time="20.309"/>
  <system-out/>
  <testcase classname="com.myA1store.testcases.LoginPageTest" name="verifyLogin" time="19.586"/>
  <system-out/>
  <testcase classname="com.myA1store.testcases.LoginPageTest" name="verifyLogin" time="18.761"/>
  <system-out/>
</testsuite> <!-- com.myA1store.testcases.LoginPageTest -->
