<?xml version="1.0" encoding="UTF-8"?>
<!-- Generated by org.testng.reporters.JUnitReportReporter -->
<testsuite hostname="syeds-MacBook-Pro.local" failures="0" tests="1" name="com.myA1store.testcases.Sc" time="4.775" errors="0" timestamp="2022-04-20T17:21:38 IST" skipped="0">
  <testcase classname="com.myA1store.testcases.Sc" name="SSC" time="4.775"/>
  <system-out/>
</testsuite> <!-- com.myA1store.testcases.Sc -->
